
=== Mon Jul 14 15:32:57 2025

Packages were changed.
Update Mode: mergeDefaultDependencies

The following packages were added:
  com.unity.modules.assetbundle@1.0.0
  com.unity.modules.cloth@1.0.0
  com.unity.modules.director@1.0.0
  com.unity.modules.imgui@1.0.0
  com.unity.modules.particlesystem@1.0.0
  com.unity.modules.physics@1.0.0
  com.unity.modules.physics2d@1.0.0
  com.unity.modules.screencapture@1.0.0
  com.unity.modules.terrain@1.0.0
  com.unity.modules.terrainphysics@1.0.0
  com.unity.modules.tilemap@1.0.0
  com.unity.modules.umbra@1.0.0
  com.unity.modules.vehicles@1.0.0
  com.unity.modules.vr@1.0.0
  com.unity.modules.wind@1.0.0
  com.unity.multiplayer.center@1.0.0
The following packages were updated:
  com.unity.inputsystem from version 1.13.1 to 1.14.0
  com.unity.learn.iet-framework from version 4.0.4 to 4.1.3
  com.unity.render-pipelines.universal from version 17.0.3 to 17.1.0
  com.unity.xr.arcore from version 6.1.0 to 6.1.1
  com.unity.xr.arfoundation from version 6.1.0 to 6.1.1
  com.unity.xr.arkit from version 6.1.0 to 6.1.1
  com.unity.xr.interaction.toolkit from version 3.1.1 to 3.1.2
  com.unity.xr.management from version 4.5.0 to 4.5.1
